<?xml version="1.0" encoding="UTF-8"?>
<testng-results ignored="0" total="3" passed="3" failed="0" skipped="0">
  <reporter-output>
  </reporter-output>
  <suite started-at="2024-01-06T20:46:06 IST" name="Suite" finished-at="2024-01-06T20:46:58 IST" duration-ms="51804">
    <groups>
    </groups>
    <test started-at="2024-01-06T20:46:06 IST" name="Test" finished-at="2024-01-06T20:46:23 IST" duration-ms="16748">
      <class name="CrossBrowser.CB">
        <test-method signature="test1(java.lang.String)[pri:0, instance:CrossBrowser.CB@72f926e6]" started-at="2024-01-06T20:46:06 IST" name="test1" finished-at="2024-01-06T20:46:23 IST" duration-ms="16618" status="PASS">
          <params>
            <param index="0">
              <value>
                <![CDATA[Edge]]>
              </value>
            </param>
          </params>
          <reporter-output>
          </reporter-output>
        </test-method> <!-- test1 -->
      </class> <!-- CrossBrowser.CB -->
    </test> <!-- Test -->
    <test started-at="2024-01-06T20:46:23 IST" name="Test2" finished-at="2024-01-06T20:46:51 IST" duration-ms="27265">
      <class name="CrossBrowser.CB">
        <test-method signature="test1(java.lang.String)[pri:0, instance:CrossBrowser.CB@4fb0f2b9]" started-at="2024-01-06T20:46:23 IST" name="test1" finished-at="2024-01-06T20:46:51 IST" duration-ms="27265" status="PASS">
          <params>
            <param index="0">
              <value>
                <![CDATA[Chrome]]>
              </value>
            </param>
          </params>
          <reporter-output>
          </reporter-output>
        </test-method> <!-- test1 -->
      </class> <!-- CrossBrowser.CB -->
    </test> <!-- Test2 -->
    <test started-at="2024-01-06T20:46:06 IST" name="Test1" finished-at="2024-01-06T20:46:58 IST" duration-ms="51804">
      <class name="CrossBrowser.CB">
        <test-method signature="test1(java.lang.String)[pri:0, instance:CrossBrowser.CB@4466af20]" started-at="2024-01-06T20:46:06 IST" name="test1" finished-at="2024-01-06T20:46:58 IST" duration-ms="51685" status="PASS">
          <params>
            <param index="0">
              <value>
                <![CDATA[FF]]>
              </value>
            </param>
          </params>
          <reporter-output>
          </reporter-output>
        </test-method> <!-- test1 -->
      </class> <!-- CrossBrowser.CB -->
    </test> <!-- Test1 -->
  </suite> <!-- Suite -->
</testng-results>
